mode: set
github.com/haris97m/bookstore-management-system/controller/book_controller_impl.go:16.32,20.2 1 1
github.com/haris97m/bookstore-management-system/controller/book_controller_impl.go:23.42,29.2 3 1
github.com/haris97m/bookstore-management-system/controller/book_controller_impl.go:32.42,38.2 3 1
github.com/haris97m/bookstore-management-system/controller/book_controller_impl.go:40.54,45.2 4 1
github.com/haris97m/bookstore-management-system/controller/book_controller_impl.go:47.60,49.39 2 1
github.com/haris97m/bookstore-management-system/controller/book_controller_impl.go:49.39,50.20 1 1
github.com/haris97m/bookstore-management-system/controller/book_controller_impl.go:50.20,53.4 2 1
github.com/haris97m/bookstore-management-system/controller/book_controller_impl.go:55.2,56.21 2 1
github.com/haris97m/bookstore-management-system/controller/book_controller_impl.go:59.52,61.39 2 1
github.com/haris97m/bookstore-management-system/controller/book_controller_impl.go:61.39,62.20 1 1
github.com/haris97m/bookstore-management-system/controller/book_controller_impl.go:62.20,67.4 4 1
